<?xml version="1.0" encoding="UTF-8"?>
<testsuite xmlns:xsi="http://www.w3.org/2001/XMLSchema-instance" xsi:noNamespaceSchemaLocation="https://maven.apache.org/surefire/maven-surefire-plugin/xsd/surefire-test-report.xsd" name="imd.ufrn.RegressionTest" time="0.114" tests="53" errors="0" skipped="0" failures="0">
  <properties>
    <property name="sun.desktop" value="windows"/>
    <property name="awt.toolkit" value="sun.awt.windows.WToolkit"/>
    <property name="file.encoding.pkg" value="sun.io"/>
    <property name="java.specification.version" value="1.8"/>
    <property name="sun.cpu.isalist" value="amd64"/>
    <property name="sun.jnu.encoding" value="Cp1252"/>
    <property name="java.class.path" value="D:\Dev\UFRN\TESTES2\Ex1-randoop\financial_system\target\test-classes;D:\Dev\UFRN\TESTES2\Ex1-randoop\financial_system\target\classes;C:\Users\rbdiv\.m2\repository\junit\junit\4.13.1\junit-4.13.1.jar;C:\Users\rbdiv\.m2\repository\org\hamcrest\hamcrest-core\1.3\hamcrest-core-1.3.jar;C:\Users\rbdiv\.m2\repository\org\projectlombok\lombok\1.18.34\lombok-1.18.34.jar;C:\Users\rbdiv\.m2\repository\org\evosuite\evosuite-standalone-runtime\1.0.6\evosuite-standalone-runtime-1.0.6.jar;"/>
    <property name="java.vm.vendor" value="Temurin"/>
    <property name="sun.arch.data.model" value="64"/>
    <property name="user.variant" value=""/>
    <property name="java.vendor.url" value="https://adoptium.net/"/>
    <property name="user.timezone" value="America/Sao_Paulo"/>
    <property name="java.vm.specification.version" value="1.8"/>
    <property name="os.name" value="Windows 11"/>
    <property name="user.country" value="US"/>
    <property name="sun.java.launcher" value="SUN_STANDARD"/>
    <property name="sun.boot.library.path" value="C:\Program Files\Java\jdk8u422-b05\jre\bin"/>
    <property name="sun.java.command" value="C:\Users\rbdiv\AppData\Local\Temp\surefire2057839058757703273\surefirebooter4600000628243590486.jar C:\Users\rbdiv\AppData\Local\Temp\surefire2057839058757703273 2024-10-12T16-53-48_536-jvmRun1 surefire901067762503330724tmp surefire_08660608463579052085tmp"/>
    <property name="surefire.test.class.path" value="D:\Dev\UFRN\TESTES2\Ex1-randoop\financial_system\target\test-classes;D:\Dev\UFRN\TESTES2\Ex1-randoop\financial_system\target\classes;C:\Users\rbdiv\.m2\repository\junit\junit\4.13.1\junit-4.13.1.jar;C:\Users\rbdiv\.m2\repository\org\hamcrest\hamcrest-core\1.3\hamcrest-core-1.3.jar;C:\Users\rbdiv\.m2\repository\org\projectlombok\lombok\1.18.34\lombok-1.18.34.jar;C:\Users\rbdiv\.m2\repository\org\evosuite\evosuite-standalone-runtime\1.0.6\evosuite-standalone-runtime-1.0.6.jar;"/>
    <property name="sun.cpu.endian" value="little"/>
    <property name="user.home" value="C:\Users\rbdiv"/>
    <property name="user.language" value="en"/>
    <property name="java.specification.vendor" value="Oracle Corporation"/>
    <property name="java.home" value="C:\Program Files\Java\jdk8u422-b05\jre"/>
    <property name="basedir" value="D:\Dev\UFRN\TESTES2\Ex1-randoop\financial_system"/>
    <property name="file.separator" value="\"/>
    <property name="line.separator" value="&#10;"/>
    <property name="java.vm.specification.vendor" value="Oracle Corporation"/>
    <property name="java.specification.name" value="Java Platform API Specification"/>
    <property name="java.awt.graphicsenv" value="sun.awt.Win32GraphicsEnvironment"/>
    <property name="surefire.real.class.path" value="C:\Users\rbdiv\AppData\Local\Temp\surefire2057839058757703273\surefirebooter4600000628243590486.jar"/>
    <property name="sun.boot.class.path" value="C:\Program Files\Java\jdk8u422-b05\jre\lib\resources.jar;C:\Program Files\Java\jdk8u422-b05\jre\lib\rt.jar;C:\Program Files\Java\jdk8u422-b05\jre\lib\sunrsasign.jar;C:\Program Files\Java\jdk8u422-b05\jre\lib\jsse.jar;C:\Program Files\Java\jdk8u422-b05\jre\lib\jce.jar;C:\Program Files\Java\jdk8u422-b05\jre\lib\charsets.jar;C:\Program Files\Java\jdk8u422-b05\jre\lib\jfr.jar;C:\Program Files\Java\jdk8u422-b05\jre\classes"/>
    <property name="user.script" value=""/>
    <property name="sun.management.compiler" value="HotSpot 64-Bit Tiered Compilers"/>
    <property name="java.runtime.version" value="1.8.0_422-b05"/>
    <property name="user.name" value="rbdiv"/>
    <property name="path.separator" value=";"/>
    <property name="os.version" value="10.0"/>
    <property name="java.endorsed.dirs" value="C:\Program Files\Java\jdk8u422-b05\jre\lib\endorsed"/>
    <property name="java.runtime.name" value="OpenJDK Runtime Environment"/>
    <property name="file.encoding" value="Cp1252"/>
    <property name="java.vm.name" value="OpenJDK 64-Bit Server VM"/>
    <property name="localRepository" value="C:\Users\rbdiv\.m2\repository"/>
    <property name="java.vendor.url.bug" value="https://github.com/adoptium/adoptium-support/issues"/>
    <property name="java.io.tmpdir" value="C:\Users\rbdiv\AppData\Local\Temp\"/>
    <property name="java.version" value="1.8.0_422"/>
    <property name="user.dir" value="D:\Dev\UFRN\TESTES2\Ex1-randoop\financial_system"/>
    <property name="os.arch" value="amd64"/>
    <property name="java.vm.specification.name" value="Java Virtual Machine Specification"/>
    <property name="java.awt.printerjob" value="sun.awt.windows.WPrinterJob"/>
    <property name="sun.os.patch.level" value=""/>
    <property name="java.library.path" value="C:\Program Files\Java\jdk8u422-b05\jre\bin;C:\Windows\Sun\Java\bin;C:\Windows\system32;C:\Windows;C:\Program Files\Java\jdk8u422-b05\bin;C:\Python312\Scripts\;C:\Python312\;C:\ActiveTcl\bin;C:\Windows\system32;C:\Windows;C:\Windows\System32\Wbem;C:\Windows\System32\WindowsPowerShell\v1.0\;C:\Windows\System32\OpenSSH\;C:\Program Files\Git\cmd;C:\Program Files\Docker\Docker\resources\bin;C:\Program Files\NVIDIA Corporation\NVIDIA NvDLISR;C:\Program Files\dotnet\;C:\Program Files (x86)\NVIDIA Corporation\PhysX\Common;C:\Program Files\Microsoft SQL Server\150\Tools\Binn\;C:\Program Files\Microsoft SQL Server\Client SDK\ODBC\170\Tools\Binn\;C:\Program Files\nodejs\;C:\ProgramData\chocolatey\bin;C:\Users\rbdiv\apache-maven-3.9.8\bin;C:\Users\rbdiv\AppData\Local\Microsoft\WindowsApps;C:\Users\rbdiv\AppData\Local\Programs\Microsoft VS Code\bin;C:\Users\rbdiv\.dotnet\tools;C:\Users\rbdiv\AppData\Roaming\npm;C:\Users\rbdiv\AppData\Local\GitHubDesktop\bin;C:\Users\rbdiv\AppData\Local\Programs\Ollama;."/>
    <property name="java.vm.info" value="mixed mode"/>
    <property name="java.vendor" value="Temurin"/>
    <property name="java.vm.version" value="25.422-b05"/>
    <property name="java.specification.maintenance.version" value="5"/>
    <property name="java.ext.dirs" value="C:\Program Files\Java\jdk8u422-b05\jre\lib\ext;C:\Windows\Sun\Java\lib\ext"/>
    <property name="sun.io.unicode.encoding" value="UnicodeLittle"/>
    <property name="java.class.version" value="52.0"/>
  </properties>
  <testcase name="test01" classname="imd.ufrn.RegressionTest0" time="0.006"/>
  <testcase name="test02" classname="imd.ufrn.RegressionTest0" time="0"/>
  <testcase name="test03" classname="imd.ufrn.RegressionTest0" time="0"/>
  <testcase name="test04" classname="imd.ufrn.RegressionTest0" time="0.001"/>
  <testcase name="test05" classname="imd.ufrn.RegressionTest0" time="0"/>
  <testcase name="test06" classname="imd.ufrn.RegressionTest0" time="0"/>
  <testcase name="test07" classname="imd.ufrn.RegressionTest0" time="0.001"/>
  <testcase name="test08" classname="imd.ufrn.RegressionTest0" time="0"/>
  <testcase name="test09" classname="imd.ufrn.RegressionTest0" time="0.001"/>
  <testcase name="test10" classname="imd.ufrn.RegressionTest0" time="0"/>
  <testcase name="test11" classname="imd.ufrn.RegressionTest0" time="0"/>
  <testcase name="test12" classname="imd.ufrn.RegressionTest0" time="0"/>
  <testcase name="test13" classname="imd.ufrn.RegressionTest0" time="0"/>
  <testcase name="test14" classname="imd.ufrn.RegressionTest0" time="0"/>
  <testcase name="test15" classname="imd.ufrn.RegressionTest0" time="0.005"/>
  <testcase name="test16" classname="imd.ufrn.RegressionTest0" time="0.001"/>
  <testcase name="test17" classname="imd.ufrn.RegressionTest0" time="0"/>
  <testcase name="test18" classname="imd.ufrn.RegressionTest0" time="0.001"/>
  <testcase name="test19" classname="imd.ufrn.RegressionTest0" time="0"/>
  <testcase name="test20" classname="imd.ufrn.RegressionTest0" time="0"/>
  <testcase name="test21" classname="imd.ufrn.RegressionTest0" time="0"/>
  <testcase name="test22" classname="imd.ufrn.RegressionTest0" time="0.001"/>
  <testcase name="test23" classname="imd.ufrn.RegressionTest0" time="0"/>
  <testcase name="test24" classname="imd.ufrn.RegressionTest0" time="0"/>
  <testcase name="test25" classname="imd.ufrn.RegressionTest0" time="0"/>
  <testcase name="test26" classname="imd.ufrn.RegressionTest0" time="0.001"/>
  <testcase name="test27" classname="imd.ufrn.RegressionTest0" time="0"/>
  <testcase name="test28" classname="imd.ufrn.RegressionTest0" time="0.001"/>
  <testcase name="test29" classname="imd.ufrn.RegressionTest0" time="0"/>
  <testcase name="test30" classname="imd.ufrn.RegressionTest0" time="0"/>
  <testcase name="test31" classname="imd.ufrn.RegressionTest0" time="0.001"/>
  <testcase name="test32" classname="imd.ufrn.RegressionTest0" time="0"/>
  <testcase name="test33" classname="imd.ufrn.RegressionTest0" time="0"/>
  <testcase name="test34" classname="imd.ufrn.RegressionTest0" time="0"/>
  <testcase name="test35" classname="imd.ufrn.RegressionTest0" time="0.001"/>
  <testcase name="test36" classname="imd.ufrn.RegressionTest0" time="0"/>
  <testcase name="test37" classname="imd.ufrn.RegressionTest0" time="0"/>
  <testcase name="test38" classname="imd.ufrn.RegressionTest0" time="0"/>
  <testcase name="test39" classname="imd.ufrn.RegressionTest0" time="0"/>
  <testcase name="test40" classname="imd.ufrn.RegressionTest0" time="0"/>
  <testcase name="test41" classname="imd.ufrn.RegressionTest0" time="0"/>
  <testcase name="test42" classname="imd.ufrn.RegressionTest0" time="0"/>
  <testcase name="test43" classname="imd.ufrn.RegressionTest0" time="0"/>
  <testcase name="test44" classname="imd.ufrn.RegressionTest0" time="0"/>
  <testcase name="test45" classname="imd.ufrn.RegressionTest0" time="0"/>
  <testcase name="test46" classname="imd.ufrn.RegressionTest0" time="0.001"/>
  <testcase name="test47" classname="imd.ufrn.RegressionTest0" time="0"/>
  <testcase name="test48" classname="imd.ufrn.RegressionTest0" time="0"/>
  <testcase name="test49" classname="imd.ufrn.RegressionTest0" time="0"/>
  <testcase name="test50" classname="imd.ufrn.RegressionTest0" time="0.001"/>
  <testcase name="test51" classname="imd.ufrn.RegressionTest0" time="0"/>
  <testcase name="test52" classname="imd.ufrn.RegressionTest0" time="0"/>
  <testcase name="test53" classname="imd.ufrn.RegressionTest0" time="0"/>
</testsuite>